{"/Users/danielwork/Documents/GitHub/horse_scraper/spec/htmlSaverSpec.js":{"path":"/Users/danielwork/Documents/GitHub/horse_scraper/spec/htmlSaverSpec.js","s":{"1":1,"2":1,"3":1,"4":1,"5":1,"6":1,"7":1,"8":1,"9":1,"10":1,"11":1,"12":1},"b":{},"f":{"1":1,"2":1,"3":1,"4":1},"fnMap":{"1":{"name":"(anonymous_1)","line":2,"loc":{"start":{"line":2,"column":53},"end":{"line":2,"column":64}}},"2":{"name":"(anonymous_2)","line":3,"loc":{"start":{"line":3,"column":53},"end":{"line":3,"column":64}}},"3":{"name":"(anonymous_3)","line":4,"loc":{"start":{"line":4,"column":15},"end":{"line":4,"column":26}}},"4":{"name":"(anonymous_4)","line":8,"loc":{"start":{"line":8,"column":75},"end":{"line":8,"column":86}}}},"statementMap":{"1":{"start":{"line":1,"column":0},"end":{"line":1,"column":46}},"2":{"start":{"line":2,"column":0},"end":{"line":16,"column":3}},"3":{"start":{"line":3,"column":2},"end":{"line":15,"column":5}},"4":{"start":{"line":4,"column":4},"end":{"line":7,"column":7}},"5":{"start":{"line":5,"column":6},"end":{"line":5,"column":36}},"6":{"start":{"line":6,"column":6},"end":{"line":6,"column":34}},"7":{"start":{"line":8,"column":4},"end":{"line":14,"column":7}},"8":{"start":{"line":9,"column":6},"end":{"line":9,"column":31}},"9":{"start":{"line":10,"column":6},"end":{"line":10,"column":47}},"10":{"start":{"line":11,"column":6},"end":{"line":11,"column":41}},"11":{"start":{"line":12,"column":6},"end":{"line":12,"column":60}},"12":{"start":{"line":13,"column":6},"end":{"line":13,"column":64}}},"branchMap":{}},"/Users/danielwork/Documents/GitHub/horse_scraper/src/htmlSaver.js":{"path":"/Users/danielwork/Documents/GitHub/horse_scraper/src/htmlSaver.js","s":{"1":1,"2":1,"3":1,"4":1,"5":1,"6":1,"7":0,"8":0,"9":0,"10":1},"b":{"1":[0,0]},"f":{"1":1,"2":1,"3":0,"4":0},"fnMap":{"1":{"name":"htmlSaver","line":3,"loc":{"start":{"line":3,"column":0},"end":{"line":3,"column":21}}},"2":{"name":"(anonymous_2)","line":6,"loc":{"start":{"line":6,"column":37},"end":{"line":6,"column":63}}},"3":{"name":"(anonymous_3)","line":11,"loc":{"start":{"line":11,"column":43},"end":{"line":11,"column":67}}},"4":{"name":"(anonymous_4)","line":15,"loc":{"start":{"line":15,"column":17},"end":{"line":15,"column":39}}}},"statementMap":{"1":{"start":{"line":1,"column":0},"end":{"line":1,"column":51}},"2":{"start":{"line":3,"column":0},"end":{"line":4,"column":1}},"3":{"start":{"line":6,"column":0},"end":{"line":9,"column":1}},"4":{"start":{"line":7,"column":2},"end":{"line":7,"column":45}},"5":{"start":{"line":8,"column":2},"end":{"line":8,"column":34}},"6":{"start":{"line":11,"column":0},"end":{"line":18,"column":1}},"7":{"start":{"line":12,"column":2},"end":{"line":14,"column":5}},"8":{"start":{"line":15,"column":2},"end":{"line":17,"column":5}},"9":{"start":{"line":16,"column":4},"end":{"line":16,"column":82}},"10":{"start":{"line":20,"column":0},"end":{"line":20,"column":27}}},"branchMap":{"1":{"line":16,"type":"cond-expr","locations":[{"start":{"line":16,"column":12},"end":{"line":16,"column":30}},{"start":{"line":16,"column":33},"end":{"line":16,"column":82}}]}}},"/Users/danielwork/Documents/GitHub/horse_scraper/models/siteSchema.js":{"path":"/Users/danielwork/Documents/GitHub/horse_scraper/models/siteSchema.js","s":{"1":1,"2":1,"3":1,"4":1},"b":{},"f":{},"fnMap":{},"statementMap":{"1":{"start":{"line":1,"column":0},"end":{"line":1,"column":35}},"2":{"start":{"line":3,"column":0},"end":{"line":5,"column":3}},"3":{"start":{"line":7,"column":0},"end":{"line":7,"column":58}},"4":{"start":{"line":8,"column":0},"end":{"line":8,"column":26}}},"branchMap":{}},"/Users/danielwork/Documents/GitHub/horse_scraper/spec/scraperSpec.js":{"path":"/Users/danielwork/Documents/GitHub/horse_scraper/spec/scraperSpec.js","s":{"1":1,"2":1,"3":1,"4":1,"5":2,"6":2,"7":2,"8":2,"9":1,"10":1,"11":1,"12":1,"13":1,"14":1,"15":1,"16":1,"17":1,"18":1,"19":10,"20":1,"21":1,"22":1,"23":1,"24":1,"25":1},"b":{},"f":{"1":1,"2":1,"3":2,"4":1,"5":1,"6":1,"7":1,"8":1},"fnMap":{"1":{"name":"(anonymous_1)","line":3,"loc":{"start":{"line":3,"column":34},"end":{"line":3,"column":45}}},"2":{"name":"(anonymous_2)","line":4,"loc":{"start":{"line":4,"column":49},"end":{"line":4,"column":60}}},"3":{"name":"(anonymous_3)","line":5,"loc":{"start":{"line":5,"column":15},"end":{"line":5,"column":27}}},"4":{"name":"(anonymous_4)","line":11,"loc":{"start":{"line":11,"column":51},"end":{"line":11,"column":62}}},"5":{"name":"(anonymous_5)","line":14,"loc":{"start":{"line":14,"column":46},"end":{"line":14,"column":57}}},"6":{"name":"(anonymous_6)","line":21,"loc":{"start":{"line":21,"column":50},"end":{"line":21,"column":61}}},"7":{"name":"(anonymous_7)","line":22,"loc":{"start":{"line":22,"column":13},"end":{"line":22,"column":24}}},"8":{"name":"(anonymous_8)","line":29,"loc":{"start":{"line":29,"column":73},"end":{"line":29,"column":84}}}},"statementMap":{"1":{"start":{"line":1,"column":0},"end":{"line":1,"column":42}},"2":{"start":{"line":3,"column":0},"end":{"line":19,"column":3}},"3":{"start":{"line":4,"column":2},"end":{"line":18,"column":5}},"4":{"start":{"line":5,"column":4},"end":{"line":10,"column":7}},"5":{"start":{"line":6,"column":6},"end":{"line":6,"column":34}},"6":{"start":{"line":7,"column":6},"end":{"line":7,"column":42}},"7":{"start":{"line":8,"column":6},"end":{"line":8,"column":38}},"8":{"start":{"line":9,"column":6},"end":{"line":9,"column":38}},"9":{"start":{"line":11,"column":4},"end":{"line":13,"column":7}},"10":{"start":{"line":12,"column":6},"end":{"line":12,"column":64}},"11":{"start":{"line":14,"column":4},"end":{"line":17,"column":7}},"12":{"start":{"line":15,"column":6},"end":{"line":15,"column":33}},"13":{"start":{"line":16,"column":6},"end":{"line":16,"column":74}},"14":{"start":{"line":21,"column":0},"end":{"line":37,"column":3}},"15":{"start":{"line":22,"column":2},"end":{"line":28,"column":5}},"16":{"start":{"line":23,"column":4},"end":{"line":23,"column":32}},"17":{"start":{"line":24,"column":4},"end":{"line":24,"column":15}},"18":{"start":{"line":25,"column":4},"end":{"line":27,"column":5}},"19":{"start":{"line":26,"column":6},"end":{"line":26,"column":47}},"20":{"start":{"line":29,"column":2},"end":{"line":35,"column":5}},"21":{"start":{"line":30,"column":4},"end":{"line":30,"column":35}},"22":{"start":{"line":31,"column":4},"end":{"line":31,"column":36}},"23":{"start":{"line":32,"column":4},"end":{"line":32,"column":31}},"24":{"start":{"line":33,"column":4},"end":{"line":33,"column":33}},"25":{"start":{"line":34,"column":4},"end":{"line":34,"column":77}}},"branchMap":{}},"/Users/danielwork/Documents/GitHub/horse_scraper/src/scraper.js":{"path":"/Users/danielwork/Documents/GitHub/horse_scraper/src/scraper.js","s":{"1":1,"2":1,"3":1,"4":3,"5":3,"6":3,"7":1,"8":3,"9":1,"10":2,"11":1,"12":2,"13":1,"14":1,"15":1,"16":1},"b":{},"f":{"1":3,"2":3,"3":2,"4":2,"5":1},"fnMap":{"1":{"name":"Scraper","line":4,"loc":{"start":{"line":4,"column":0},"end":{"line":4,"column":19}}},"2":{"name":"(anonymous_2)","line":10,"loc":{"start":{"line":10,"column":28},"end":{"line":10,"column":43}}},"3":{"name":"(anonymous_3)","line":14,"loc":{"start":{"line":14,"column":33},"end":{"line":14,"column":44}}},"4":{"name":"(anonymous_4)","line":18,"loc":{"start":{"line":18,"column":30},"end":{"line":18,"column":41}}},"5":{"name":"(anonymous_5)","line":22,"loc":{"start":{"line":22,"column":31},"end":{"line":22,"column":46}}}},"statementMap":{"1":{"start":{"line":1,"column":0},"end":{"line":1,"column":35}},"2":{"start":{"line":2,"column":0},"end":{"line":2,"column":48}},"3":{"start":{"line":4,"column":0},"end":{"line":8,"column":1}},"4":{"start":{"line":5,"column":2},"end":{"line":5,"column":25}},"5":{"start":{"line":6,"column":2},"end":{"line":6,"column":23}},"6":{"start":{"line":7,"column":2},"end":{"line":7,"column":24}},"7":{"start":{"line":10,"column":0},"end":{"line":12,"column":1}},"8":{"start":{"line":11,"column":2},"end":{"line":11,"column":32}},"9":{"start":{"line":14,"column":0},"end":{"line":16,"column":1}},"10":{"start":{"line":15,"column":2},"end":{"line":15,"column":42}},"11":{"start":{"line":18,"column":0},"end":{"line":20,"column":1}},"12":{"start":{"line":19,"column":2},"end":{"line":19,"column":46}},"13":{"start":{"line":22,"column":0},"end":{"line":25,"column":1}},"14":{"start":{"line":23,"column":2},"end":{"line":23,"column":34}},"15":{"start":{"line":24,"column":2},"end":{"line":24,"column":71}},"16":{"start":{"line":26,"column":0},"end":{"line":26,"column":25}}},"branchMap":{}},"/Users/danielwork/Documents/GitHub/horse_scraper/src/htmlSelector.js":{"path":"/Users/danielwork/Documents/GitHub/horse_scraper/src/htmlSelector.js","s":{"1":1,"2":1,"3":1,"4":1,"5":10,"6":1,"7":1},"b":{},"f":{"1":1,"2":1},"fnMap":{"1":{"name":"dataSelector","line":1,"loc":{"start":{"line":1,"column":0},"end":{"line":1,"column":24}}},"2":{"name":"(anonymous_2)","line":5,"loc":{"start":{"line":5,"column":36},"end":{"line":5,"column":61}}}},"statementMap":{"1":{"start":{"line":1,"column":0},"end":{"line":3,"column":1}},"2":{"start":{"line":2,"column":2},"end":{"line":2,"column":24}},"3":{"start":{"line":5,"column":0},"end":{"line":10,"column":1}},"4":{"start":{"line":6,"column":2},"end":{"line":8,"column":5}},"5":{"start":{"line":7,"column":4},"end":{"line":7,"column":47}},"6":{"start":{"line":9,"column":2},"end":{"line":9,"column":26}},"7":{"start":{"line":12,"column":0},"end":{"line":12,"column":30}}},"branchMap":{}}}