TN:
SF:/Users/danielwork/Documents/GitHub/horse_scraper/spec/htmlSaverSpec.js
FN:2,(anonymous_1)
FN:3,(anonymous_2)
FN:4,(anonymous_3)
FN:8,(anonymous_4)
FNF:4
FNH:4
FNDA:1,(anonymous_1)
FNDA:1,(anonymous_2)
FNDA:1,(anonymous_3)
FNDA:1,(anonymous_4)
DA:1,1
DA:2,1
DA:3,1
DA:4,1
DA:5,1
DA:6,1
DA:8,1
DA:9,1
DA:10,1
DA:11,1
DA:12,1
DA:13,1
LF:12
LH:12
BRF:0
BRH:0
end_of_record
TN:
SF:/Users/danielwork/Documents/GitHub/horse_scraper/src/htmlSaver.js
FN:3,htmlSaver
FN:6,(anonymous_2)
FN:11,(anonymous_3)
FN:15,(anonymous_4)
FNF:4
FNH:2
FNDA:1,htmlSaver
FNDA:1,(anonymous_2)
FNDA:0,(anonymous_3)
FNDA:0,(anonymous_4)
DA:1,1
DA:3,1
DA:6,1
DA:7,1
DA:8,1
DA:11,1
DA:12,0
DA:15,0
DA:16,0
DA:20,1
LF:10
LH:7
BRDA:16,1,0,0
BRDA:16,1,1,0
BRF:2
BRH:0
end_of_record
TN:
SF:/Users/danielwork/Documents/GitHub/horse_scraper/models/siteSchema.js
FNF:0
FNH:0
DA:1,1
DA:3,1
DA:7,1
DA:8,1
LF:4
LH:4
BRF:0
BRH:0
end_of_record
TN:
SF:/Users/danielwork/Documents/GitHub/horse_scraper/spec/scraperSpec.js
FN:3,(anonymous_1)
FN:4,(anonymous_2)
FN:5,(anonymous_3)
FN:11,(anonymous_4)
FN:14,(anonymous_5)
FN:21,(anonymous_6)
FN:22,(anonymous_7)
FN:29,(anonymous_8)
FNF:8
FNH:8
FNDA:1,(anonymous_1)
FNDA:1,(anonymous_2)
FNDA:2,(anonymous_3)
FNDA:1,(anonymous_4)
FNDA:1,(anonymous_5)
FNDA:1,(anonymous_6)
FNDA:1,(anonymous_7)
FNDA:1,(anonymous_8)
DA:1,1
DA:3,1
DA:4,1
DA:5,1
DA:6,2
DA:7,2
DA:8,2
DA:9,2
DA:11,1
DA:12,1
DA:14,1
DA:15,1
DA:16,1
DA:21,1
DA:22,1
DA:23,1
DA:24,1
DA:25,1
DA:26,10
DA:29,1
DA:30,1
DA:31,1
DA:32,1
DA:33,1
DA:34,1
LF:25
LH:25
BRF:0
BRH:0
end_of_record
TN:
SF:/Users/danielwork/Documents/GitHub/horse_scraper/src/scraper.js
FN:4,Scraper
FN:10,(anonymous_2)
FN:14,(anonymous_3)
FN:18,(anonymous_4)
FN:22,(anonymous_5)
FNF:5
FNH:5
FNDA:3,Scraper
FNDA:3,(anonymous_2)
FNDA:2,(anonymous_3)
FNDA:2,(anonymous_4)
FNDA:1,(anonymous_5)
DA:1,1
DA:2,1
DA:4,1
DA:5,3
DA:6,3
DA:7,3
DA:10,1
DA:11,3
DA:14,1
DA:15,2
DA:18,1
DA:19,2
DA:22,1
DA:23,1
DA:24,1
DA:26,1
LF:16
LH:16
BRF:0
BRH:0
end_of_record
TN:
SF:/Users/danielwork/Documents/GitHub/horse_scraper/src/htmlSelector.js
FN:1,dataSelector
FN:5,(anonymous_2)
FNF:2
FNH:2
FNDA:1,dataSelector
FNDA:1,(anonymous_2)
DA:1,1
DA:2,1
DA:5,1
DA:6,1
DA:7,10
DA:9,1
DA:12,1
LF:7
LH:7
BRF:0
BRH:0
end_of_record
